[2025-02-27T15:52:07.747+0000] {local_task_job_runner.py:123} INFO - ::group::Pre task execution logs
[2025-02-27T15:52:07.752+0000] {taskinstance.py:2603} INFO - Dependencies all met for dep_context=non-requeueable deps ti=<TaskInstance: my_first_dag.task_2 scheduled__2025-02-26T00:00:00+00:00 [queued]>
[2025-02-27T15:52:07.755+0000] {taskinstance.py:2603} INFO - Dependencies all met for dep_context=requeueable deps ti=<TaskInstance: my_first_dag.task_2 scheduled__2025-02-26T00:00:00+00:00 [queued]>
[2025-02-27T15:52:07.755+0000] {taskinstance.py:2856} INFO - Starting attempt 1 of 2
[2025-02-27T15:52:07.759+0000] {taskinstance.py:2879} INFO - Executing <Task(PythonOperator): task_2> on 2025-02-26 00:00:00+00:00
[2025-02-27T15:52:07.761+0000] {warnings.py:112} WARNING - /home/***/.local/lib/python3.12/site-packages/***/task/task_runner/standard_task_runner.py:70: DeprecationWarning: This process (pid=1686) is multi-threaded, use of fork() may lead to deadlocks in the child.
  pid = os.fork()

[2025-02-27T15:52:07.761+0000] {standard_task_runner.py:72} INFO - Started process 1687 to run task
[2025-02-27T15:52:07.761+0000] {standard_task_runner.py:104} INFO - Running: ['***', 'tasks', 'run', 'my_first_dag', 'task_2', 'scheduled__2025-02-26T00:00:00+00:00', '--job-id', '8', '--raw', '--subdir', 'DAGS_FOLDER/first.py', '--cfg-path', '/tmp/tmpco8vxbp5']
[2025-02-27T15:52:07.762+0000] {standard_task_runner.py:105} INFO - Job 8: Subtask task_2
[2025-02-27T15:52:07.777+0000] {task_command.py:467} INFO - Running <TaskInstance: my_first_dag.task_2 scheduled__2025-02-26T00:00:00+00:00 [running]> on host c119ae8f8e4f
[2025-02-27T15:52:07.800+0000] {taskinstance.py:3122} INFO - Exporting env vars: AIRFLOW_CTX_DAG_OWNER='***' AIRFLOW_CTX_DAG_ID='my_first_dag' AIRFLOW_CTX_TASK_ID='task_2' AIRFLOW_CTX_EXECUTION_DATE='2025-02-26T00:00:00+00:00' AIRFLOW_CTX_TRY_NUMBER='1' AIRFLOW_CTX_DAG_RUN_ID='scheduled__2025-02-26T00:00:00+00:00'
[2025-02-27T15:52:07.801+0000] {taskinstance.py:731} INFO - ::endgroup::
[2025-02-27T15:52:07.806+0000] {logging_mixin.py:190} INFO - Bye Adam Arzemy!
[2025-02-27T15:52:07.806+0000] {python.py:240} INFO - Done. Returned value was: None
[2025-02-27T15:52:07.809+0000] {taskinstance.py:340} INFO - ::group::Post task execution logs
[2025-02-27T15:52:07.809+0000] {taskinstance.py:352} INFO - Marking task as SUCCESS. dag_id=my_first_dag, task_id=task_2, run_id=scheduled__2025-02-26T00:00:00+00:00, execution_date=20250226T000000, start_date=20250227T155207, end_date=20250227T155207
[2025-02-27T15:52:07.819+0000] {local_task_job_runner.py:261} INFO - Task exited with return code 0
[2025-02-27T15:52:07.825+0000] {taskinstance.py:3891} INFO - 0 downstream tasks scheduled from follow-on schedule check
[2025-02-27T15:52:07.825+0000] {local_task_job_runner.py:240} INFO - ::endgroup::
