[2025-02-25T11:12:15.467+0000] {local_task_job_runner.py:123} INFO - ::group::Pre task execution logs
[2025-02-25T11:12:15.472+0000] {taskinstance.py:2603} INFO - Dependencies all met for dep_context=non-requeueable deps ti=<TaskInstance: my_first_dag.task_1 manual__2025-02-25T11:12:14.070024+00:00 [queued]>
[2025-02-25T11:12:15.475+0000] {taskinstance.py:2603} INFO - Dependencies all met for dep_context=requeueable deps ti=<TaskInstance: my_first_dag.task_1 manual__2025-02-25T11:12:14.070024+00:00 [queued]>
[2025-02-25T11:12:15.475+0000] {taskinstance.py:2856} INFO - Starting attempt 1 of 2
[2025-02-25T11:12:15.479+0000] {taskinstance.py:2879} INFO - Executing <Task(PythonOperator): task_1> on 2025-02-25 11:12:14.070024+00:00
[2025-02-25T11:12:15.481+0000] {warnings.py:112} WARNING - /home/***/.local/lib/python3.12/site-packages/***/task/task_runner/standard_task_runner.py:70: DeprecationWarning: This process (pid=765) is multi-threaded, use of fork() may lead to deadlocks in the child.
  pid = os.fork()

[2025-02-25T11:12:15.482+0000] {standard_task_runner.py:72} INFO - Started process 766 to run task
[2025-02-25T11:12:15.482+0000] {standard_task_runner.py:104} INFO - Running: ['***', 'tasks', 'run', 'my_first_dag', 'task_1', 'manual__2025-02-25T11:12:14.070024+00:00', '--job-id', '3', '--raw', '--subdir', 'DAGS_FOLDER/first.py', '--cfg-path', '/tmp/tmpia3i20mv']
[2025-02-25T11:12:15.482+0000] {standard_task_runner.py:105} INFO - Job 3: Subtask task_1
[2025-02-25T11:12:15.502+0000] {task_command.py:467} INFO - Running <TaskInstance: my_first_dag.task_1 manual__2025-02-25T11:12:14.070024+00:00 [running]> on host f2e94ad357fc
[2025-02-25T11:12:15.527+0000] {taskinstance.py:3122} INFO - Exporting env vars: AIRFLOW_CTX_DAG_OWNER='***' AIRFLOW_CTX_DAG_ID='my_first_dag' AIRFLOW_CTX_TASK_ID='task_1' AIRFLOW_CTX_EXECUTION_DATE='2025-02-25T11:12:14.070024+00:00' AIRFLOW_CTX_TRY_NUMBER='1' AIRFLOW_CTX_DAG_RUN_ID='manual__2025-02-25T11:12:14.070024+00:00'
[2025-02-25T11:12:15.527+0000] {taskinstance.py:731} INFO - ::endgroup::
[2025-02-25T11:12:15.540+0000] {logging_mixin.py:190} INFO - Hello Adam Arzemy!
[2025-02-25T11:12:15.540+0000] {python.py:240} INFO - Done. Returned value was: None
[2025-02-25T11:12:15.543+0000] {taskinstance.py:340} INFO - ::group::Post task execution logs
[2025-02-25T11:12:15.543+0000] {taskinstance.py:352} INFO - Marking task as SUCCESS. dag_id=my_first_dag, task_id=task_1, run_id=manual__2025-02-25T11:12:14.070024+00:00, execution_date=20250225T111214, start_date=20250225T111215, end_date=20250225T111215
[2025-02-25T11:12:15.581+0000] {local_task_job_runner.py:261} INFO - Task exited with return code 0
[2025-02-25T11:12:15.589+0000] {taskinstance.py:3891} INFO - 1 downstream tasks scheduled from follow-on schedule check
[2025-02-25T11:12:15.589+0000] {local_task_job_runner.py:240} INFO - ::endgroup::
